<?xml version="1.0" encoding="UTF-8"?>
<!-- Generated by org.testng.reporters.JUnitReportReporter -->
<testsuite hostname="MONOLITH" failures="0" tests="1" name="Tests.WebDriverTests" time="0.008" errors="0" timestamp="2022-07-17T15:29:54 CDT" skipped="0">
  <testcase classname="Tests.WebDriverTests" name="canLaunchCorrectWebDriver" time="0.008"/>
  <system-out/>
</testsuite> <!-- Tests.WebDriverTests -->
